2023-03-21 00:14:27.299 [main] INFO  calculator.Calculator - [SQ ROOT] - 3.0
2023-03-21 00:14:27.300 [main] INFO  calculator.Calculator - [RESULT - SQ ROOT] - 1.7320508075688772
2023-03-21 00:14:27.300 [main] INFO  calculator.Calculator - [SQ ROOT] - 4.0
2023-03-21 00:14:27.300 [main] INFO  calculator.Calculator - [RESULT - SQ ROOT] - 2.0
2023-03-21 00:14:27.301 [main] INFO  calculator.Calculator - [NATURAL LOG] - 1.0
2023-03-21 00:14:27.301 [main] INFO  calculator.Calculator - [RESULT - NATURAL LOG] - 0.0
2023-03-21 00:14:27.301 [main] INFO  calculator.Calculator - [NATURAL LOG] - 300.0
2023-03-21 00:14:27.301 [main] INFO  calculator.Calculator - [RESULT - NATURAL LOG] - 5.703782474656201
2023-03-21 00:14:27.301 [main] INFO  calculator.Calculator - [NATURAL LOG] - 2.4
2023-03-21 00:14:27.302 [main] INFO  calculator.Calculator - [RESULT - NATURAL LOG] - 0.8754687373538999
2023-03-21 00:14:27.302 [main] INFO  calculator.Calculator - [NATURAL LOG] - 2.1
2023-03-21 00:14:27.302 [main] INFO  calculator.Calculator - [RESULT - NATURAL LOG] - 0.7419373447293773
2023-03-21 00:14:27.302 [main] INFO  calculator.Calculator - [FACTORIAL] - 3
2023-03-21 00:14:27.302 [main] INFO  calculator.Calculator - [RESULT - FACTORIAL] - 6
2023-03-21 00:14:27.302 [main] INFO  calculator.Calculator - [FACTORIAL] - 6
2023-03-21 00:14:27.302 [main] INFO  calculator.Calculator - [RESULT - FACTORIAL] - 720
2023-03-21 00:14:27.302 [main] INFO  calculator.Calculator - [FACTORIAL] - 5
2023-03-21 00:14:27.303 [main] INFO  calculator.Calculator - [RESULT - FACTORIAL] - 120
2023-03-21 00:14:27.303 [main] INFO  calculator.Calculator - [FACTORIAL] - 10
2023-03-21 00:14:27.303 [main] INFO  calculator.Calculator - [RESULT - FACTORIAL] - 3628800
2023-03-21 00:14:27.303 [main] INFO  calculator.Calculator - [POWER - 2.0 RAISED TO] 5.0
2023-03-21 00:14:27.303 [main] INFO  calculator.Calculator - [RESULT - POWER] - 32.0
2023-03-21 00:14:27.303 [main] INFO  calculator.Calculator - [POWER - 9.0 RAISED TO] 2.0
2023-03-21 00:14:27.303 [main] INFO  calculator.Calculator - [RESULT - POWER] - 81.0
2023-03-21 00:14:27.303 [main] INFO  calculator.Calculator - [POWER - 2.0 RAISED TO] 2.0
2023-03-21 00:14:27.304 [main] INFO  calculator.Calculator - [RESULT - POWER] - 4.0
2023-03-21 00:14:27.304 [main] INFO  calculator.Calculator - [POWER - -2.0 RAISED TO] 20.0
2023-03-21 00:14:27.304 [main] INFO  calculator.Calculator - [RESULT - POWER] - 1048576.0
2023-03-21 00:14:27.304 [main] INFO  calculator.Calculator - [SQ ROOT] - 121.0
2023-03-21 00:14:27.305 [main] INFO  calculator.Calculator - [RESULT - SQ ROOT] - 11.0
2023-03-21 00:14:27.305 [main] INFO  calculator.Calculator - [SQ ROOT] - 14641.0
2023-03-21 00:14:27.305 [main] INFO  calculator.Calculator - [RESULT - SQ ROOT] - 121.0
2023-03-21 00:14:35.602 [main] INFO  calculator.Calculator - [SQ ROOT] - 3.0
2023-03-21 00:14:35.603 [main] INFO  calculator.Calculator - [RESULT - SQ ROOT] - 1.7320508075688772
2023-03-21 00:14:35.604 [main] INFO  calculator.Calculator - [SQ ROOT] - 4.0
2023-03-21 00:14:35.604 [main] INFO  calculator.Calculator - [RESULT - SQ ROOT] - 2.0
2023-03-21 00:14:35.604 [main] INFO  calculator.Calculator - [NATURAL LOG] - 1.0
2023-03-21 00:14:35.604 [main] INFO  calculator.Calculator - [RESULT - NATURAL LOG] - 0.0
2023-03-21 00:14:35.605 [main] INFO  calculator.Calculator - [NATURAL LOG] - 300.0
2023-03-21 00:14:35.605 [main] INFO  calculator.Calculator - [RESULT - NATURAL LOG] - 5.703782474656201
2023-03-21 00:14:35.605 [main] INFO  calculator.Calculator - [NATURAL LOG] - 2.4
2023-03-21 00:14:35.605 [main] INFO  calculator.Calculator - [RESULT - NATURAL LOG] - 0.8754687373538999
2023-03-21 00:14:35.605 [main] INFO  calculator.Calculator - [NATURAL LOG] - 2.1
2023-03-21 00:14:35.605 [main] INFO  calculator.Calculator - [RESULT - NATURAL LOG] - 0.7419373447293773
2023-03-21 00:14:35.606 [main] INFO  calculator.Calculator - [FACTORIAL] - 3
2023-03-21 00:14:35.606 [main] INFO  calculator.Calculator - [RESULT - FACTORIAL] - 6
2023-03-21 00:14:35.606 [main] INFO  calculator.Calculator - [FACTORIAL] - 6
2023-03-21 00:14:35.606 [main] INFO  calculator.Calculator - [RESULT - FACTORIAL] - 720
2023-03-21 00:14:35.606 [main] INFO  calculator.Calculator - [FACTORIAL] - 5
2023-03-21 00:14:35.607 [main] INFO  calculator.Calculator - [RESULT - FACTORIAL] - 120
2023-03-21 00:14:35.607 [main] INFO  calculator.Calculator - [FACTORIAL] - 10
2023-03-21 00:14:35.607 [main] INFO  calculator.Calculator - [RESULT - FACTORIAL] - 3628800
2023-03-21 00:14:35.607 [main] INFO  calculator.Calculator - [POWER - 2.0 RAISED TO] 5.0
2023-03-21 00:14:35.607 [main] INFO  calculator.Calculator - [RESULT - POWER] - 32.0
2023-03-21 00:14:35.608 [main] INFO  calculator.Calculator - [POWER - 9.0 RAISED TO] 2.0
2023-03-21 00:14:35.608 [main] INFO  calculator.Calculator - [RESULT - POWER] - 81.0
2023-03-21 00:14:35.608 [main] INFO  calculator.Calculator - [POWER - 2.0 RAISED TO] 2.0
2023-03-21 00:14:35.608 [main] INFO  calculator.Calculator - [RESULT - POWER] - 4.0
2023-03-21 00:14:35.608 [main] INFO  calculator.Calculator - [POWER - -2.0 RAISED TO] 20.0
2023-03-21 00:14:35.608 [main] INFO  calculator.Calculator - [RESULT - POWER] - 1048576.0
2023-03-21 00:14:35.609 [main] INFO  calculator.Calculator - [SQ ROOT] - 121.0
2023-03-21 00:14:35.609 [main] INFO  calculator.Calculator - [RESULT - SQ ROOT] - 11.0
2023-03-21 00:14:35.609 [main] INFO  calculator.Calculator - [SQ ROOT] - 14641.0
2023-03-21 00:14:35.609 [main] INFO  calculator.Calculator - [RESULT - SQ ROOT] - 121.0
